<?xml version="1.0" encoding="UTF-8"?>
<!-- Generated by org.testng.reporters.JUnitXMLReporter -->
<testsuite ignored="2" hostname="RAGHAVENDRAREDDY" failures="0" tests="2" name="Test" time="33.718" errors="0" timestamp="2023-01-10T12:15:51 IST">
  <testcase classname="programs.AddToCartTest" name="addToCartTest" time="3.424"/>
  <testcase classname="programs.DisplayAllTheProductNamesTest" name="displayProducts" time="1.769"/>
  <testcase classname="genericLibrary.BaseClass" name="@AfterSuite asConfig" time="0.0">
    <ignored/>
  </testcase> <!-- @AfterSuite asConfig -->
  <testcase classname="genericLibrary.BaseClass" name="@BeforeSuite bsConfig" time="0.0">
    <ignored/>
  </testcase> <!-- @BeforeSuite bsConfig -->
</testsuite> <!-- Test -->
