<?xml version="1.0" encoding="UTF-8"?>
<testng-results ignored="2" total="4" passed="2" failed="0" skipped="0">
  <reporter-output>
  </reporter-output>
  <suite started-at="2023-01-10T12:15:17 IST" name="Suite" finished-at="2023-01-10T12:15:51 IST" duration-ms="33718">
    <groups>
      <group name="regression">
        <method signature="AddToCartTest.addToCartTest()[pri:0, instance:programs.AddToCartTest@4efac082]" name="addToCartTest" class="programs.AddToCartTest"/>
        <method signature="DisplayAllTheProductNamesTest.displayProducts()[pri:0, instance:programs.DisplayAllTheProductNamesTest@53aac487]" name="displayProducts" class="programs.DisplayAllTheProductNamesTest"/>
      </group> <!-- regression -->
      <group name="smoke">
        <method signature="AddToCartTest.addToCartTest()[pri:0, instance:programs.AddToCartTest@4efac082]" name="addToCartTest" class="programs.AddToCartTest"/>
        <method signature="DisplayAllTheProductNamesTest.displayProducts()[pri:0, instance:programs.DisplayAllTheProductNamesTest@53aac487]" name="displayProducts" class="programs.DisplayAllTheProductNamesTest"/>
      </group> <!-- smoke -->
    </groups>
    <test started-at="2023-01-10T12:15:17 IST" name="Test" finished-at="2023-01-10T12:15:51 IST" duration-ms="33718">
      <class name="programs.DisplayAllTheProductNamesTest">
        <test-method is-config="true" signature="bcConfig()[pri:0, instance:programs.DisplayAllTheProductNamesTest@53aac487]" started-at="2023-01-10T12:15:40 IST" name="bcConfig" finished-at="2023-01-10T12:15:46 IST" duration-ms="5868" status="PASS">
          <reporter-output>
          </reporter-output>
        </test-method> <!-- bcConfig -->
        <test-method is-config="true" signature="bmConfig()[pri:0, instance:programs.DisplayAllTheProductNamesTest@53aac487]" started-at="2023-01-10T12:15:46 IST" name="bmConfig" finished-at="2023-01-10T12:15:48 IST" duration-ms="1825" status="PASS">
          <reporter-output>
          </reporter-output>
        </test-method> <!-- bmConfig -->
        <test-method signature="displayProducts()[pri:0, instance:programs.DisplayAllTheProductNamesTest@53aac487]" started-at="2023-01-10T12:15:48 IST" name="displayProducts" finished-at="2023-01-10T12:15:49 IST" duration-ms="1769" status="PASS">
          <reporter-output>
          </reporter-output>
        </test-method> <!-- displayProducts -->
        <test-method is-config="true" signature="amConfig()[pri:0, instance:programs.DisplayAllTheProductNamesTest@53aac487]" started-at="2023-01-10T12:15:49 IST" name="amConfig" finished-at="2023-01-10T12:15:50 IST" duration-ms="542" status="PASS">
          <reporter-output>
          </reporter-output>
        </test-method> <!-- amConfig -->
        <test-method is-config="true" signature="acConfig()[pri:0, instance:programs.DisplayAllTheProductNamesTest@53aac487]" started-at="2023-01-10T12:15:50 IST" name="acConfig" finished-at="2023-01-10T12:15:51 IST" duration-ms="713" status="PASS">
          <reporter-output>
          </reporter-output>
        </test-method> <!-- acConfig -->
      </class> <!-- programs.DisplayAllTheProductNamesTest -->
      <class name="programs.AddToCartTest">
        <test-method is-config="true" signature="bsConfig()[pri:0, instance:programs.AddToCartTest@4efac082]" started-at="2023-01-10T12:15:17 IST" name="bsConfig" finished-at="2023-01-10T12:15:17 IST" duration-ms="32" status="PASS">
          <reporter-output>
          </reporter-output>
        </test-method> <!-- bsConfig -->
        <test-method is-config="true" signature="bcConfig()[pri:0, instance:programs.AddToCartTest@4efac082]" started-at="2023-01-10T12:15:17 IST" name="bcConfig" finished-at="2023-01-10T12:15:33 IST" duration-ms="16309" status="PASS">
          <reporter-output>
          </reporter-output>
        </test-method> <!-- bcConfig -->
        <test-method is-config="true" signature="bmConfig()[pri:0, instance:programs.AddToCartTest@4efac082]" started-at="2023-01-10T12:15:33 IST" name="bmConfig" finished-at="2023-01-10T12:15:35 IST" duration-ms="1933" status="PASS">
          <reporter-output>
          </reporter-output>
        </test-method> <!-- bmConfig -->
        <test-method signature="addToCartTest()[pri:0, instance:programs.AddToCartTest@4efac082]" started-at="2023-01-10T12:15:35 IST" name="addToCartTest" finished-at="2023-01-10T12:15:39 IST" duration-ms="3424" status="PASS">
          <reporter-output>
          </reporter-output>
        </test-method> <!-- addToCartTest -->
        <test-method is-config="true" signature="amConfig()[pri:0, instance:programs.AddToCartTest@4efac082]" started-at="2023-01-10T12:15:39 IST" name="amConfig" finished-at="2023-01-10T12:15:39 IST" duration-ms="443" status="PASS">
          <reporter-output>
          </reporter-output>
        </test-method> <!-- amConfig -->
        <test-method is-config="true" signature="acConfig()[pri:0, instance:programs.AddToCartTest@4efac082]" started-at="2023-01-10T12:15:39 IST" name="acConfig" finished-at="2023-01-10T12:15:40 IST" duration-ms="748" status="PASS">
          <reporter-output>
          </reporter-output>
        </test-method> <!-- acConfig -->
        <test-method is-config="true" signature="asConfig()[pri:0, instance:programs.AddToCartTest@4efac082]" started-at="2023-01-10T12:15:51 IST" name="asConfig" finished-at="2023-01-10T12:15:51 IST" duration-ms="0" status="PASS">
          <reporter-output>
          </reporter-output>
        </test-method> <!-- asConfig -->
      </class> <!-- programs.AddToCartTest -->
    </test> <!-- Test -->
  </suite> <!-- Suite -->
</testng-results>
