<?xml version="1.0" encoding="UTF-8"?>
<testng-results ignored="0" total="1" passed="1" failed="0" skipped="0">
  <reporter-output>
  </reporter-output>
  <suite started-at="2023-01-10T10:39:31 IST" name="Default suite" finished-at="2023-01-10T10:39:46 IST" duration-ms="15570">
    <groups>
    </groups>
    <test started-at="2023-01-10T10:39:31 IST" name="Default test" finished-at="2023-01-10T10:39:46 IST" duration-ms="15570">
      <class name="programs.DisplayAllTheProductNamesTest">
        <test-method is-config="true" signature="bsConfig()[pri:0, instance:programs.DisplayAllTheProductNamesTest@61001b64]" started-at="2023-01-10T10:39:31 IST" name="bsConfig" finished-at="2023-01-10T10:39:31 IST" duration-ms="25" status="PASS">
          <reporter-output>
          </reporter-output>
        </test-method> <!-- bsConfig -->
        <test-method is-config="true" signature="bcConfig()[pri:0, instance:programs.DisplayAllTheProductNamesTest@61001b64]" started-at="2023-01-10T10:39:31 IST" name="bcConfig" finished-at="2023-01-10T10:39:42 IST" duration-ms="11606" status="PASS">
          <reporter-output>
          </reporter-output>
        </test-method> <!-- bcConfig -->
        <test-method is-config="true" signature="bmConfig()[pri:0, instance:programs.DisplayAllTheProductNamesTest@61001b64]" started-at="2023-01-10T10:39:42 IST" name="bmConfig" finished-at="2023-01-10T10:39:44 IST" duration-ms="1179" status="PASS">
          <reporter-output>
          </reporter-output>
        </test-method> <!-- bmConfig -->
        <test-method signature="displayProducts()[pri:0, instance:programs.DisplayAllTheProductNamesTest@61001b64]" started-at="2023-01-10T10:39:44 IST" name="displayProducts" finished-at="2023-01-10T10:39:45 IST" duration-ms="1351" status="PASS">
          <reporter-output>
          </reporter-output>
        </test-method> <!-- displayProducts -->
        <test-method is-config="true" signature="amConfig()[pri:0, instance:programs.DisplayAllTheProductNamesTest@61001b64]" started-at="2023-01-10T10:39:45 IST" name="amConfig" finished-at="2023-01-10T10:39:45 IST" duration-ms="477" status="PASS">
          <reporter-output>
          </reporter-output>
        </test-method> <!-- amConfig -->
        <test-method is-config="true" signature="acConfig()[pri:0, instance:programs.DisplayAllTheProductNamesTest@61001b64]" started-at="2023-01-10T10:39:45 IST" name="acConfig" finished-at="2023-01-10T10:39:46 IST" duration-ms="824" status="PASS">
          <reporter-output>
          </reporter-output>
        </test-method> <!-- acConfig -->
        <test-method is-config="true" signature="asConfig()[pri:0, instance:programs.DisplayAllTheProductNamesTest@61001b64]" started-at="2023-01-10T10:39:46 IST" name="asConfig" finished-at="2023-01-10T10:39:46 IST" duration-ms="1" status="PASS">
          <reporter-output>
          </reporter-output>
        </test-method> <!-- asConfig -->
      </class> <!-- programs.DisplayAllTheProductNamesTest -->
    </test> <!-- Default test -->
  </suite> <!-- Default suite -->
</testng-results>
